#
# A fatal error has been detected by the Java Runtime Environment:
#
#  EXCEPTION_ACCESS_VIOLATION (0xc0000005) at pc=0x00007ff982cb10e5, pid=4676, tid=12712
#
# JRE version: OpenJDK Runtime Environment (15.0.1+9) (build 15.0.1+9-18)
# Java VM: OpenJDK 64-Bit Server VM (15.0.1+9-18, mixed mode, tiered, compressed oops, g1 gc, windows-amd64)
# Problematic frame:
# V  [jvm.dll+0x5e10e5]
#
# No core dump will be written. Minidumps are not enabled by default on client versions of Windows
#
# If you would like to submit a bug report, please visit:
#   https://bugreport.java.com/bugreport/crash.jsp
#

---------------  S U M M A R Y ------------

Command Line: -XX:+ShowCodeDetailsInExceptionMessages -agentlib:jdwp=transport=dt_socket,suspend=y,address=localhost:50102 -javaagent:D:\ydh\as_ij_URL\eclipse\configuration\org.eclipse.osgi\405\0\.cp\lib\javaagent-shaded.jar -Dfile.encoding=UTF-8 chap12.BeePrintExample1

Host: Intel(R) Core(TM) i5-9400F CPU @ 2.90GHz, 6 cores, 7G,  Windows 10 , 64 bit Build 19041 (10.0.19041.1023)
Time: Fri Jul 23 14:38:07 2021 대한민국 표준시 elapsed time: 862.447439 seconds (0d 0h 14m 22s)

---------------  T H R E A D  ---------------

Current thread (0x000001a855ac7170):  VMThread "VM Thread" [stack: 0x00000069ffc00000,0x00000069ffd00000] [id=12712]

Stack: [0x00000069ffc00000,0x00000069ffd00000],  sp=0x00000069ffcff420,  free space=1021k
Native frames: (J=compiled Java code, j=interpreted, Vv=VM code, C=native code)
V  [jvm.dll+0x5e10e5]
V  [jvm.dll+0x4f0794]
V  [jvm.dll+0x4effe4]
V  [jvm.dll+0x783e4b]
V  [jvm.dll+0x787c83]
V  [jvm.dll+0x788545]
V  [jvm.dll+0x78877e]
V  [jvm.dll+0x73d65a]
V  [jvm.dll+0x629c56]
C  [ucrtbase.dll+0x21bb2]
C  [KERNEL32.DLL+0x17034]
C  [ntdll.dll+0x52651]


siginfo: EXCEPTION_ACCESS_VIOLATION (0xc0000005), reading address 0xffffffffffffffff


Register to memory mapping:

RIP=0x00007ff982cb10e5 jvm.dll
RAX=0xca0001a857318400 is an unknown value
RBX=0x000001a8566773b0 points into unknown readable memory: 0x0000002f00000000 | 00 00 00 00 2f 00 00 00
RCX=0x000001a857318318 is pointing into metadata
RDX=0x000001a855ac7170 points into unknown readable memory: 0x00007ff982fd4238 | 38 42 fd 82 f9 7f 00 00
RSP=0x00000069ffcff420 points into unknown readable memory: 0x000001a8566773b0 | b0 73 67 56 a8 01 00 00
RBP=0x00000001000ca840 is a pointer to class: 
chap12.BeePrintExample1 {0x00000001000ca848}
RSI=0x000001a855ac7170 points into unknown readable memory: 0x00007ff982fd4238 | 38 42 fd 82 f9 7f 00 00
RDI=0x000001a857318318 is pointing into metadata
R8 =0x0000000000000004 is an unknown value
R9 =0x000000000000000d is an unknown value
R10=0x0 is NULL
R11=0x400000000000061c is an unknown value
R12=0x00000069ffcff550 points into unknown readable memory: 0x00007ff982cb1000 | 00 10 cb 82 f9 7f 00 00
R13=0x000001a8559878f8 points into unknown readable memory: 0x616d0004f375ffff | ff ff 75 f3 04 00 6d 61
R14=0x000001a855a91450 points into unknown readable memory: 0x0000000000000000 | 00 00 00 00 00 00 00 00
R15=0x00000001000caa40 is a pointer to class: 
chap12.BeePrintExample1 {0x00000001000caa48}


Registers:
RAX=0xca0001a857318400, RBX=0x000001a8566773b0, RCX=0x000001a857318318, RDX=0x000001a855ac7170
RSP=0x00000069ffcff420, RBP=0x00000001000ca840, RSI=0x000001a855ac7170, RDI=0x000001a857318318
R8 =0x0000000000000004, R9 =0x000000000000000d, R10=0x0000000000000000, R11=0x400000000000061c
R12=0x00000069ffcff550, R13=0x000001a8559878f8, R14=0x000001a855a91450, R15=0x00000001000caa40
RIP=0x00007ff982cb10e5, EFLAGS=0x0000000000010286

Top of Stack: (sp=0x00000069ffcff420)
0x00000069ffcff420:   000001a8566773b0 000001a855ac7170
0x00000069ffcff430:   0000000000000028 0000000000000001
0x00000069ffcff440:   000001a85731aee8 000001a855ac7170
0x00000069ffcff450:   000001a855ac7170 000001a855ab9a90
0x00000069ffcff460:   000001a83bcbd640 000001a83bcbd650
0x00000069ffcff470:   000001a83bcbd728 00000000000000d8
0x00000069ffcff480:   00000069ffcff770 0000000000000028
0x00000069ffcff490:   000001a855a91838 00007ff982bc0794
0x00000069ffcff4a0:   000001a85731aee8 000001a855a91460
0x00000069ffcff4b0:   000001a855ab9850 000001a857318318
0x00000069ffcff4c0:   00000000000003d8 000001a855989f78
0x00000069ffcff4d0:   000001a83bc515b0 000001a856648560
0x00000069ffcff4e0:   00000069806ff160 000001a856b3bce0
0x00000069ffcff4f0:   00000069806ff160 000001a856648560
0x00000069ffcff500:   00000000000003d8 00007ff983198180
0x00000069ffcff510:   00007ff982f19eb0 000001a856648bf0 

Instructions: (pc=0x00007ff982cb10e5)
0x00007ff982cb0fe5:   d4 ff ff 48 8d 4c 24 20 e8 de 36 d3 ff 48 8b 5c
0x00007ff982cb0ff5:   24 48 48 83 c4 30 5f c3 cc cc cc 48 89 5c 24 10
0x00007ff982cb1005:   48 89 6c 24 18 48 89 74 24 20 57 48 83 ec 70 48
0x00007ff982cb1015:   8b 41 08 48 8b f9 48 63 f2 4c 8b 40 08 49 8b 68
0x00007ff982cb1025:   18 45 33 c0 41 8d 50 01 8d 4a 17 e8 8b da aa ff
0x00007ff982cb1035:   48 8b d8 48 85 c0 74 44 89 70 04 48 8b 47 08 0f
0x00007ff982cb1045:   b7 48 2a 66 89 4b 08 48 8b 47 08 0f b7 48 2c 66
0x00007ff982cb1055:   89 4b 0a 48 8b 47 08 0f b6 54 06 38 89 13 81 fa
0x00007ff982cb1065:   ca 00 00 00 75 0c 8b d6 48 8b cf e8 1b e5 ff ff
0x00007ff982cb1075:   89 03 48 c7 43 10 00 00 00 00 eb 02 33 db 48 8b
0x00007ff982cb1085:   85 70 01 00 00 8b 0d 3c ee 4e 00 48 89 43 10 65
0x00007ff982cb1095:   48 8b 04 25 58 00 00 00 48 89 9d 70 01 00 00 48
0x00007ff982cb10a5:   8b 34 c8 b8 40 00 00 00 80 3c 30 00 75 05 e8 34
0x00007ff982cb10b5:   76 1f 00 48 63 4b 04 b8 08 00 00 00 48 8b 34 30
0x00007ff982cb10c5:   48 8b 47 08 48 8b d6 c6 44 01 38 ca 48 8b cf e8
0x00007ff982cb10d5:   27 de bb ff 48 83 7e 08 00 75 09 48 85 c0 74 04
0x00007ff982cb10e5:   66 ff 40 16 48 8b d6 48 8d 4c 24 30 e8 ca 36 d3
0x00007ff982cb10f5:   ff 48 89 7c 24 20 48 8d 94 24 80 00 00 00 48 89
0x00007ff982cb1105:   74 24 28 48 8b 8e a0 02 00 00 48 89 bc 24 80 00
0x00007ff982cb1115:   00 00 e8 f4 b2 a2 ff 48 8d 4c 24 20 e8 aa 5e bf
0x00007ff982cb1125:   ff 48 8d 4c 24 20 e8 a0 35 d3 ff 48 8d 4c 24 30
0x00007ff982cb1135:   e8 26 35 d3 ff 4c 8d 5c 24 70 49 8b 5b 18 49 8b
0x00007ff982cb1145:   6b 20 49 8b 73 28 49 8b e3 5f c3 48 89 5c 24 08
0x00007ff982cb1155:   48 89 74 24 10 57 48 83 ec 20 4c 8b 01 48 8b fa
0x00007ff982cb1165:   48 8b d9 49 8b 40 08 48 3b 05 7d 21 47 00 73 12
0x00007ff982cb1175:   48 3b 05 6c 21 47 00 72 09 48 8b 40 18 48 8b 08
0x00007ff982cb1185:   eb 04 48 8b 48 18 48 85 c9 75 27 4c 8d 0d 89 55
0x00007ff982cb1195:   2e 00 ba 11 05 00 00 4c 8d 05 a5 55 2e 00 48 8d
0x00007ff982cb11a5:   0d 66 53 2e 00 e8 a1 4f c3 ff e8 8c 97 04 00 4c
0x00007ff982cb11b5:   8b 03 49 89 78 40 48 8b cf 48 8b 07 ff 90 c8 00
0x00007ff982cb11c5:   00 00 48 8b 0b 8b f0 48 8b 49 18 48 85 c9 74 07
0x00007ff982cb11d5:   e8 66 8b fe ff eb 02 33 c0 3b f0 7e 13 48 8b 03 


Stack slot to memory mapping:
stack at sp + 0 slots: 0x000001a8566773b0 points into unknown readable memory: 0x0000002f00000000 | 00 00 00 00 2f 00 00 00
stack at sp + 1 slots: 0x000001a855ac7170 points into unknown readable memory: 0x00007ff982fd4238 | 38 42 fd 82 f9 7f 00 00
stack at sp + 2 slots: 0x0000000000000028 is an unknown value
stack at sp + 3 slots: 0x0000000000000001 is an unknown value
stack at sp + 4 slots: {method} {0x000001a85731aef0} 'main' '([Ljava/lang/String;)V' in 'chap12/BeePrintExample1'
stack at sp + 5 slots: 0x000001a855ac7170 points into unknown readable memory: 0x00007ff982fd4238 | 38 42 fd 82 f9 7f 00 00
stack at sp + 6 slots: 0x000001a855ac7170 points into unknown readable memory: 0x00007ff982fd4238 | 38 42 fd 82 f9 7f 00 00
stack at sp + 7 slots: 0x000001a855ab9a90 points into unknown readable memory: 0x0002080000000002 | 02 00 00 00 00 08 02 00

VM_Operation (0x00000069806ff0f0): ChangeBreakpoints, mode: safepoint, requested by thread 0x000001a85659e010


---------------  P R O C E S S  ---------------

Threads class SMR info:
_java_thread_list=0x000001a856b3b5f0, length=14, elements={
0x000001a83bbe6e50, 0x000001a855adc030, 0x000001a855ae0280, 0x000001a856337930,
0x000001a85633a200, 0x000001a85633c270, 0x000001a85633eac0, 0x000001a85634c4f0,
0x000001a85634f5a0, 0x000001a856466440, 0x000001a85659e010, 0x000001a8565a0cd0,
0x000001a8565a53d0, 0x000001a856af5520
}

Java Threads: ( => current thread )
  0x000001a83bbe6e50 JavaThread "main" [_thread_blocked, id=9592, stack(0x00000069ff600000,0x00000069ff700000)]
  0x000001a855adc030 JavaThread "Reference Handler" daemon [_thread_blocked, id=13088, stack(0x00000069ffd00000,0x00000069ffe00000)]
  0x000001a855ae0280 JavaThread "Finalizer" daemon [_thread_blocked, id=7312, stack(0x00000069ffe00000,0x00000069fff00000)]
  0x000001a856337930 JavaThread "Signal Dispatcher" daemon [_thread_blocked, id=11992, stack(0x00000069fff00000,0x0000006a00000000)]
  0x000001a85633a200 JavaThread "Attach Listener" daemon [_thread_blocked, id=10672, stack(0x0000006980000000,0x0000006980100000)]
  0x000001a85633c270 JavaThread "Service Thread" daemon [_thread_blocked, id=6088, stack(0x0000006980100000,0x0000006980200000)]
  0x000001a85633eac0 JavaThread "C2 CompilerThread0" daemon [_thread_blocked, id=3492, stack(0x0000006980200000,0x0000006980300000)]
  0x000001a85634c4f0 JavaThread "C1 CompilerThread0" daemon [_thread_blocked, id=10644, stack(0x0000006980300000,0x0000006980400000)]
  0x000001a85634f5a0 JavaThread "Sweeper thread" daemon [_thread_blocked, id=11088, stack(0x0000006980400000,0x0000006980500000)]
  0x000001a856466440 JavaThread "Common-Cleaner" daemon [_thread_blocked, id=4328, stack(0x0000006980500000,0x0000006980600000)]
  0x000001a85659e010 JavaThread "JDWP Transport Listener: dt_socket" daemon [_thread_blocked, id=5660, stack(0x0000006980600000,0x0000006980700000)]
  0x000001a8565a0cd0 JavaThread "JDWP Event Helper Thread" daemon [_thread_blocked, id=7084, stack(0x0000006980700000,0x0000006980800000)]
  0x000001a8565a53d0 JavaThread "JDWP Command Reader" daemon [_thread_in_native, id=11532, stack(0x0000006980800000,0x0000006980900000)]
  0x000001a856af5520 JavaThread "Notification Thread" daemon [_thread_blocked, id=8348, stack(0x0000006980a00000,0x0000006980b00000)]

Other Threads:
=>0x000001a855ac7170 VMThread "VM Thread" [stack: 0x00000069ffc00000,0x00000069ffd00000] [id=12712]
  0x000001a856af59f0 WatcherThread [stack: 0x0000006980b00000,0x0000006980c00000] [id=4416]
  0x000001a83bc26610 GCTaskThread "GC Thread#0" [stack: 0x00000069ff700000,0x00000069ff800000] [id=7764]
  0x000001a83bc37f50 ConcurrentGCThread "G1 Main Marker" [stack: 0x00000069ff800000,0x00000069ff900000] [id=4220]
  0x000001a83bc39b50 ConcurrentGCThread "G1 Conc#0" [stack: 0x00000069ff900000,0x00000069ffa00000] [id=14132]
  0x000001a83bcbc9f0 ConcurrentGCThread "G1 Refine#0" [stack: 0x00000069ffa00000,0x00000069ffb00000] [id=7444]
  0x000001a83bcbe510 ConcurrentGCThread "G1 Young RemSet Sampling" [stack: 0x00000069ffb00000,0x00000069ffc00000] [id=9984]

Threads with active compile tasks:

VM state: at safepoint (normal execution)

VM Mutex/Monitor currently owned by a thread:  ([mutex/lock_event])
[0x000001a83bbe2510] Threads_lock - owner thread: 0x000001a855ac7170

Heap address: 0x0000000081000000, size: 2032 MB, Compressed Oops mode: 32-bit
CDS disabled.
Compressed class space mapped at: 0x0000000100000000-0x0000000140000000, size: 1073741824
Narrow klass base: 0x0000000000000000, Narrow klass shift: 3, Narrow klass range: 0x140000000

GC Precious Log:
 CPUs: 6 total, 6 available
 Memory: 8125M
 Large Page Support: Disabled
 NUMA Support: Disabled
 Compressed Oops: Enabled (32-bit)
 Heap Region Size: 1M
 Heap Min Capacity: 8M
 Heap Initial Capacity: 128M
 Heap Max Capacity: 2032M
 Pre-touch: Disabled
 Parallel Workers: 6
 Concurrent Workers: 2
 Concurrent Refinement Workers: 6
 Periodic GC: Disabled

Heap:
 garbage-first heap   total 131072K, used 4096K [0x0000000081000000, 0x0000000100000000)
  region size 1024K, 5 young (5120K), 0 survivors (0K)
 Metaspace       used 9285K, capacity 9362K, committed 9600K, reserved 1058816K
  class space    used 789K, capacity 821K, committed 896K, reserved 1048576K

Heap Regions: E=young(eden), S=young(survivor), O=old, HS=humongous(starts), HC=humongous(continues), CS=collection set, F=free, OA=open archive, CA=closed archive, TAMS=top-at-mark-start (previous, next)
|   0|0x0000000081000000, 0x0000000081000000, 0x0000000081100000|  0%| F|  |TAMS 0x0000000081000000, 0x0000000081000000| Untracked 
|   1|0x0000000081100000, 0x0000000081100000, 0x0000000081200000|  0%| F|  |TAMS 0x0000000081100000, 0x0000000081100000| Untracked 
|   2|0x0000000081200000, 0x0000000081200000, 0x0000000081300000|  0%| F|  |TAMS 0x0000000081200000, 0x0000000081200000| Untracked 
|   3|0x0000000081300000, 0x0000000081300000, 0x0000000081400000|  0%| F|  |TAMS 0x0000000081300000, 0x0000000081300000| Untracked 
|   4|0x0000000081400000, 0x0000000081400000, 0x0000000081500000|  0%| F|  |TAMS 0x0000000081400000, 0x0000000081400000| Untracked 
|   5|0x0000000081500000, 0x0000000081500000, 0x0000000081600000|  0%| F|  |TAMS 0x0000000081500000, 0x0000000081500000| Untracked 
|   6|0x0000000081600000, 0x0000000081600000, 0x0000000081700000|  0%| F|  |TAMS 0x0000000081600000, 0x0000000081600000| Untracked 
|   7|0x0000000081700000, 0x0000000081700000, 0x0000000081800000|  0%| F|  |TAMS 0x0000000081700000, 0x0000000081700000| Untracked 
|   8|0x0000000081800000, 0x0000000081800000, 0x0000000081900000|  0%| F|  |TAMS 0x0000000081800000, 0x0000000081800000| Untracked 
|   9|0x0000000081900000, 0x0000000081900000, 0x0000000081a00000|  0%| F|  |TAMS 0x0000000081900000, 0x0000000081900000| Untracked 
|  10|0x0000000081a00000, 0x0000000081a00000, 0x0000000081b00000|  0%| F|  |TAMS 0x0000000081a00000, 0x0000000081a00000| Untracked 
|  11|0x0000000081b00000, 0x0000000081b00000, 0x0000000081c00000|  0%| F|  |TAMS 0x0000000081b00000, 0x0000000081b00000| Untracked 
|  12|0x0000000081c00000, 0x0000000081c00000, 0x0000000081d00000|  0%| F|  |TAMS 0x0000000081c00000, 0x0000000081c00000| Untracked 
|  13|0x0000000081d00000, 0x0000000081d00000, 0x0000000081e00000|  0%| F|  |TAMS 0x0000000081d00000, 0x0000000081d00000| Untracked 
|  14|0x0000000081e00000, 0x0000000081e00000, 0x0000000081f00000|  0%| F|  |TAMS 0x0000000081e00000, 0x0000000081e00000| Untracked 
|  15|0x0000000081f00000, 0x0000000081f00000, 0x0000000082000000|  0%| F|  |TAMS 0x0000000081f00000, 0x0000000081f00000| Untracked 
|  16|0x0000000082000000, 0x0000000082000000, 0x0000000082100000|  0%| F|  |TAMS 0x0000000082000000, 0x0000000082000000| Untracked 
|  17|0x0000000082100000, 0x0000000082100000, 0x0000000082200000|  0%| F|  |TAMS 0x0000000082100000, 0x0000000082100000| Untracked 
|  18|0x0000000082200000, 0x0000000082200000, 0x0000000082300000|  0%| F|  |TAMS 0x0000000082200000, 0x0000000082200000| Untracked 
|  19|0x0000000082300000, 0x0000000082300000, 0x0000000082400000|  0%| F|  |TAMS 0x0000000082300000, 0x0000000082300000| Untracked 
|  20|0x0000000082400000, 0x0000000082400000, 0x0000000082500000|  0%| F|  |TAMS 0x0000000082400000, 0x0000000082400000| Untracked 
|  21|0x0000000082500000, 0x0000000082500000, 0x0000000082600000|  0%| F|  |TAMS 0x0000000082500000, 0x0000000082500000| Untracked 
|  22|0x0000000082600000, 0x0000000082600000, 0x0000000082700000|  0%| F|  |TAMS 0x0000000082600000, 0x0000000082600000| Untracked 
|  23|0x0000000082700000, 0x0000000082700000, 0x0000000082800000|  0%| F|  |TAMS 0x0000000082700000, 0x0000000082700000| Untracked 
|  24|0x0000000082800000, 0x0000000082800000, 0x0000000082900000|  0%| F|  |TAMS 0x0000000082800000, 0x0000000082800000| Untracked 
|  25|0x0000000082900000, 0x0000000082900000, 0x0000000082a00000|  0%| F|  |TAMS 0x0000000082900000, 0x0000000082900000| Untracked 
|  26|0x0000000082a00000, 0x0000000082a00000, 0x0000000082b00000|  0%| F|  |TAMS 0x0000000082a00000, 0x0000000082a00000| Untracked 
|  27|0x0000000082b00000, 0x0000000082b00000, 0x0000000082c00000|  0%| F|  |TAMS 0x0000000082b00000, 0x0000000082b00000| Untracked 
|  28|0x0000000082c00000, 0x0000000082c00000, 0x0000000082d00000|  0%| F|  |TAMS 0x0000000082c00000, 0x0000000082c00000| Untracked 
|  29|0x0000000082d00000, 0x0000000082d00000, 0x0000000082e00000|  0%| F|  |TAMS 0x0000000082d00000, 0x0000000082d00000| Untracked 
|  30|0x0000000082e00000, 0x0000000082e00000, 0x0000000082f00000|  0%| F|  |TAMS 0x0000000082e00000, 0x0000000082e00000| Untracked 
|  31|0x0000000082f00000, 0x0000000082f00000, 0x0000000083000000|  0%| F|  |TAMS 0x0000000082f00000, 0x0000000082f00000| Untracked 
|  32|0x0000000083000000, 0x0000000083000000, 0x0000000083100000|  0%| F|  |TAMS 0x0000000083000000, 0x0000000083000000| Untracked 
|  33|0x0000000083100000, 0x0000000083100000, 0x0000000083200000|  0%| F|  |TAMS 0x0000000083100000, 0x0000000083100000| Untracked 
|  34|0x0000000083200000, 0x0000000083200000, 0x0000000083300000|  0%| F|  |TAMS 0x0000000083200000, 0x0000000083200000| Untracked 
|  35|0x0000000083300000, 0x0000000083300000, 0x0000000083400000|  0%| F|  |TAMS 0x0000000083300000, 0x0000000083300000| Untracked 
|  36|0x0000000083400000, 0x0000000083400000, 0x0000000083500000|  0%| F|  |TAMS 0x0000000083400000, 0x0000000083400000| Untracked 
|  37|0x0000000083500000, 0x0000000083500000, 0x0000000083600000|  0%| F|  |TAMS 0x0000000083500000, 0x0000000083500000| Untracked 
|  38|0x0000000083600000, 0x0000000083600000, 0x0000000083700000|  0%| F|  |TAMS 0x0000000083600000, 0x0000000083600000| Untracked 
|  39|0x0000000083700000, 0x0000000083700000, 0x0000000083800000|  0%| F|  |TAMS 0x0000000083700000, 0x0000000083700000| Untracked 
|  40|0x0000000083800000, 0x0000000083800000, 0x0000000083900000|  0%| F|  |TAMS 0x0000000083800000, 0x0000000083800000| Untracked 
|  41|0x0000000083900000, 0x0000000083900000, 0x0000000083a00000|  0%| F|  |TAMS 0x0000000083900000, 0x0000000083900000| Untracked 
|  42|0x0000000083a00000, 0x0000000083a00000, 0x0000000083b00000|  0%| F|  |TAMS 0x0000000083a00000, 0x0000000083a00000| Untracked 
|  43|0x0000000083b00000, 0x0000000083b00000, 0x0000000083c00000|  0%| F|  |TAMS 0x0000000083b00000, 0x0000000083b00000| Untracked 
|  44|0x0000000083c00000, 0x0000000083c00000, 0x0000000083d00000|  0%| F|  |TAMS 0x0000000083c00000, 0x0000000083c00000| Untracked 
|  45|0x0000000083d00000, 0x0000000083d00000, 0x0000000083e00000|  0%| F|  |TAMS 0x0000000083d00000, 0x0000000083d00000| Untracked 
|  46|0x0000000083e00000, 0x0000000083e00000, 0x0000000083f00000|  0%| F|  |TAMS 0x0000000083e00000, 0x0000000083e00000| Untracked 
|  47|0x0000000083f00000, 0x0000000083f00000, 0x0000000084000000|  0%| F|  |TAMS 0x0000000083f00000, 0x0000000083f00000| Untracked 
|  48|0x0000000084000000, 0x0000000084000000, 0x0000000084100000|  0%| F|  |TAMS 0x0000000084000000, 0x0000000084000000| Untracked 
|  49|0x0000000084100000, 0x0000000084100000, 0x0000000084200000|  0%| F|  |TAMS 0x0000000084100000, 0x0000000084100000| Untracked 
|  50|0x0000000084200000, 0x0000000084200000, 0x0000000084300000|  0%| F|  |TAMS 0x0000000084200000, 0x0000000084200000| Untracked 
|  51|0x0000000084300000, 0x0000000084300000, 0x0000000084400000|  0%| F|  |TAMS 0x0000000084300000, 0x0000000084300000| Untracked 
|  52|0x0000000084400000, 0x0000000084400000, 0x0000000084500000|  0%| F|  |TAMS 0x0000000084400000, 0x0000000084400000| Untracked 
|  53|0x0000000084500000, 0x0000000084500000, 0x0000000084600000|  0%| F|  |TAMS 0x0000000084500000, 0x0000000084500000| Untracked 
|  54|0x0000000084600000, 0x0000000084600000, 0x0000000084700000|  0%| F|  |TAMS 0x0000000084600000, 0x0000000084600000| Untracked 
|  55|0x0000000084700000, 0x0000000084700000, 0x0000000084800000|  0%| F|  |TAMS 0x0000000084700000, 0x0000000084700000| Untracked 
|  56|0x0000000084800000, 0x0000000084800000, 0x0000000084900000|  0%| F|  |TAMS 0x0000000084800000, 0x0000000084800000| Untracked 
|  57|0x0000000084900000, 0x0000000084900000, 0x0000000084a00000|  0%| F|  |TAMS 0x0000000084900000, 0x0000000084900000| Untracked 
|  58|0x0000000084a00000, 0x0000000084a00000, 0x0000000084b00000|  0%| F|  |TAMS 0x0000000084a00000, 0x0000000084a00000| Untracked 
|  59|0x0000000084b00000, 0x0000000084b00000, 0x0000000084c00000|  0%| F|  |TAMS 0x0000000084b00000, 0x0000000084b00000| Untracked 
|  60|0x0000000084c00000, 0x0000000084c00000, 0x0000000084d00000|  0%| F|  |TAMS 0x0000000084c00000, 0x0000000084c00000| Untracked 
|  61|0x0000000084d00000, 0x0000000084d00000, 0x0000000084e00000|  0%| F|  |TAMS 0x0000000084d00000, 0x0000000084d00000| Untracked 
|  62|0x0000000084e00000, 0x0000000084e00000, 0x0000000084f00000|  0%| F|  |TAMS 0x0000000084e00000, 0x0000000084e00000| Untracked 
|  63|0x0000000084f00000, 0x0000000084f00000, 0x0000000085000000|  0%| F|  |TAMS 0x0000000084f00000, 0x0000000084f00000| Untracked 
|  64|0x0000000085000000, 0x0000000085000000, 0x0000000085100000|  0%| F|  |TAMS 0x0000000085000000, 0x0000000085000000| Untracked 
|  65|0x0000000085100000, 0x0000000085100000, 0x0000000085200000|  0%| F|  |TAMS 0x0000000085100000, 0x0000000085100000| Untracked 
|  66|0x0000000085200000, 0x0000000085200000, 0x0000000085300000|  0%| F|  |TAMS 0x0000000085200000, 0x0000000085200000| Untracked 
|  67|0x0000000085300000, 0x0000000085300000, 0x0000000085400000|  0%| F|  |TAMS 0x0000000085300000, 0x0000000085300000| Untracked 
|  68|0x0000000085400000, 0x0000000085400000, 0x0000000085500000|  0%| F|  |TAMS 0x0000000085400000, 0x0000000085400000| Untracked 
|  69|0x0000000085500000, 0x0000000085500000, 0x0000000085600000|  0%| F|  |TAMS 0x0000000085500000, 0x0000000085500000| Untracked 
|  70|0x0000000085600000, 0x0000000085600000, 0x0000000085700000|  0%| F|  |TAMS 0x0000000085600000, 0x0000000085600000| Untracked 
|  71|0x0000000085700000, 0x0000000085700000, 0x0000000085800000|  0%| F|  |TAMS 0x0000000085700000, 0x0000000085700000| Untracked 
|  72|0x0000000085800000, 0x0000000085800000, 0x0000000085900000|  0%| F|  |TAMS 0x0000000085800000, 0x0000000085800000| Untracked 
|  73|0x0000000085900000, 0x0000000085900000, 0x0000000085a00000|  0%| F|  |TAMS 0x0000000085900000, 0x0000000085900000| Untracked 
|  74|0x0000000085a00000, 0x0000000085a00000, 0x0000000085b00000|  0%| F|  |TAMS 0x0000000085a00000, 0x0000000085a00000| Untracked 
|  75|0x0000000085b00000, 0x0000000085b00000, 0x0000000085c00000|  0%| F|  |TAMS 0x0000000085b00000, 0x0000000085b00000| Untracked 
|  76|0x0000000085c00000, 0x0000000085c00000, 0x0000000085d00000|  0%| F|  |TAMS 0x0000000085c00000, 0x0000000085c00000| Untracked 
|  77|0x0000000085d00000, 0x0000000085d00000, 0x0000000085e00000|  0%| F|  |TAMS 0x0000000085d00000, 0x0000000085d00000| Untracked 
|  78|0x0000000085e00000, 0x0000000085e00000, 0x0000000085f00000|  0%| F|  |TAMS 0x0000000085e00000, 0x0000000085e00000| Untracked 
|  79|0x0000000085f00000, 0x0000000085f00000, 0x0000000086000000|  0%| F|  |TAMS 0x0000000085f00000, 0x0000000085f00000| Untracked 
|  80|0x0000000086000000, 0x0000000086000000, 0x0000000086100000|  0%| F|  |TAMS 0x0000000086000000, 0x0000000086000000| Untracked 
|  81|0x0000000086100000, 0x0000000086100000, 0x0000000086200000|  0%| F|  |TAMS 0x0000000086100000, 0x0000000086100000| Untracked 
|  82|0x0000000086200000, 0x0000000086200000, 0x0000000086300000|  0%| F|  |TAMS 0x0000000086200000, 0x0000000086200000| Untracked 
|  83|0x0000000086300000, 0x0000000086300000, 0x0000000086400000|  0%| F|  |TAMS 0x0000000086300000, 0x0000000086300000| Untracked 
|  84|0x0000000086400000, 0x0000000086400000, 0x0000000086500000|  0%| F|  |TAMS 0x0000000086400000, 0x0000000086400000| Untracked 
|  85|0x0000000086500000, 0x0000000086500000, 0x0000000086600000|  0%| F|  |TAMS 0x0000000086500000, 0x0000000086500000| Untracked 
|  86|0x0000000086600000, 0x0000000086600000, 0x0000000086700000|  0%| F|  |TAMS 0x0000000086600000, 0x0000000086600000| Untracked 
|  87|0x0000000086700000, 0x0000000086700000, 0x0000000086800000|  0%| F|  |TAMS 0x0000000086700000, 0x0000000086700000| Untracked 
|  88|0x0000000086800000, 0x0000000086800000, 0x0000000086900000|  0%| F|  |TAMS 0x0000000086800000, 0x0000000086800000| Untracked 
|  89|0x0000000086900000, 0x0000000086900000, 0x0000000086a00000|  0%| F|  |TAMS 0x0000000086900000, 0x0000000086900000| Untracked 
|  90|0x0000000086a00000, 0x0000000086a00000, 0x0000000086b00000|  0%| F|  |TAMS 0x0000000086a00000, 0x0000000086a00000| Untracked 
|  91|0x0000000086b00000, 0x0000000086b00000, 0x0000000086c00000|  0%| F|  |TAMS 0x0000000086b00000, 0x0000000086b00000| Untracked 
|  92|0x0000000086c00000, 0x0000000086c00000, 0x0000000086d00000|  0%| F|  |TAMS 0x0000000086c00000, 0x0000000086c00000| Untracked 
|  93|0x0000000086d00000, 0x0000000086d00000, 0x0000000086e00000|  0%| F|  |TAMS 0x0000000086d00000, 0x0000000086d00000| Untracked 
|  94|0x0000000086e00000, 0x0000000086e00000, 0x0000000086f00000|  0%| F|  |TAMS 0x0000000086e00000, 0x0000000086e00000| Untracked 
|  95|0x0000000086f00000, 0x0000000086f00000, 0x0000000087000000|  0%| F|  |TAMS 0x0000000086f00000, 0x0000000086f00000| Untracked 
|  96|0x0000000087000000, 0x0000000087000000, 0x0000000087100000|  0%| F|  |TAMS 0x0000000087000000, 0x0000000087000000| Untracked 
|  97|0x0000000087100000, 0x0000000087100000, 0x0000000087200000|  0%| F|  |TAMS 0x0000000087100000, 0x0000000087100000| Untracked 
|  98|0x0000000087200000, 0x0000000087200000, 0x0000000087300000|  0%| F|  |TAMS 0x0000000087200000, 0x0000000087200000| Untracked 
|  99|0x0000000087300000, 0x0000000087300000, 0x0000000087400000|  0%| F|  |TAMS 0x0000000087300000, 0x0000000087300000| Untracked 
| 100|0x0000000087400000, 0x0000000087400000, 0x0000000087500000|  0%| F|  |TAMS 0x0000000087400000, 0x0000000087400000| Untracked 
| 101|0x0000000087500000, 0x0000000087500000, 0x0000000087600000|  0%| F|  |TAMS 0x0000000087500000, 0x0000000087500000| Untracked 
| 102|0x0000000087600000, 0x0000000087600000, 0x0000000087700000|  0%| F|  |TAMS 0x0000000087600000, 0x0000000087600000| Untracked 
| 103|0x0000000087700000, 0x0000000087700000, 0x0000000087800000|  0%| F|  |TAMS 0x0000000087700000, 0x0000000087700000| Untracked 
| 104|0x0000000087800000, 0x0000000087800000, 0x0000000087900000|  0%| F|  |TAMS 0x0000000087800000, 0x0000000087800000| Untracked 
| 105|0x0000000087900000, 0x0000000087900000, 0x0000000087a00000|  0%| F|  |TAMS 0x0000000087900000, 0x0000000087900000| Untracked 
| 106|0x0000000087a00000, 0x0000000087a00000, 0x0000000087b00000|  0%| F|  |TAMS 0x0000000087a00000, 0x0000000087a00000| Untracked 
| 107|0x0000000087b00000, 0x0000000087b00000, 0x0000000087c00000|  0%| F|  |TAMS 0x0000000087b00000, 0x0000000087b00000| Untracked 
| 108|0x0000000087c00000, 0x0000000087c00000, 0x0000000087d00000|  0%| F|  |TAMS 0x0000000087c00000, 0x0000000087c00000| Untracked 
| 109|0x0000000087d00000, 0x0000000087d00000, 0x0000000087e00000|  0%| F|  |TAMS 0x0000000087d00000, 0x0000000087d00000| Untracked 
| 110|0x0000000087e00000, 0x0000000087e00000, 0x0000000087f00000|  0%| F|  |TAMS 0x0000000087e00000, 0x0000000087e00000| Untracked 
| 111|0x0000000087f00000, 0x0000000087f00000, 0x0000000088000000|  0%| F|  |TAMS 0x0000000087f00000, 0x0000000087f00000| Untracked 
| 112|0x0000000088000000, 0x0000000088000000, 0x0000000088100000|  0%| F|  |TAMS 0x0000000088000000, 0x0000000088000000| Untracked 
| 113|0x0000000088100000, 0x0000000088100000, 0x0000000088200000|  0%| F|  |TAMS 0x0000000088100000, 0x0000000088100000| Untracked 
| 114|0x0000000088200000, 0x0000000088200000, 0x0000000088300000|  0%| F|  |TAMS 0x0000000088200000, 0x0000000088200000| Untracked 
| 115|0x0000000088300000, 0x0000000088300000, 0x0000000088400000|  0%| F|  |TAMS 0x0000000088300000, 0x0000000088300000| Untracked 
| 116|0x0000000088400000, 0x0000000088400000, 0x0000000088500000|  0%| F|  |TAMS 0x0000000088400000, 0x0000000088400000| Untracked 
| 117|0x0000000088500000, 0x0000000088500000, 0x0000000088600000|  0%| F|  |TAMS 0x0000000088500000, 0x0000000088500000| Untracked 
| 118|0x0000000088600000, 0x0000000088600000, 0x0000000088700000|  0%| F|  |TAMS 0x0000000088600000, 0x0000000088600000| Untracked 
| 119|0x0000000088700000, 0x0000000088700000, 0x0000000088800000|  0%| F|  |TAMS 0x0000000088700000, 0x0000000088700000| Untracked 
| 120|0x0000000088800000, 0x0000000088800000, 0x0000000088900000|  0%| F|  |TAMS 0x0000000088800000, 0x0000000088800000| Untracked 
| 121|0x0000000088900000, 0x0000000088900000, 0x0000000088a00000|  0%| F|  |TAMS 0x0000000088900000, 0x0000000088900000| Untracked 
| 122|0x0000000088a00000, 0x0000000088a00000, 0x0000000088b00000|  0%| F|  |TAMS 0x0000000088a00000, 0x0000000088a00000| Untracked 
| 123|0x0000000088b00000, 0x0000000088c00000, 0x0000000088c00000|100%| E|  |TAMS 0x0000000088b00000, 0x0000000088b00000| Complete 
| 124|0x0000000088c00000, 0x0000000088d00000, 0x0000000088d00000|100%| E|CS|TAMS 0x0000000088c00000, 0x0000000088c00000| Complete 
| 125|0x0000000088d00000, 0x0000000088e00000, 0x0000000088e00000|100%| E|CS|TAMS 0x0000000088d00000, 0x0000000088d00000| Complete 
| 126|0x0000000088e00000, 0x0000000088f00000, 0x0000000088f00000|100%| E|CS|TAMS 0x0000000088e00000, 0x0000000088e00000| Complete 
| 127|0x0000000088f00000, 0x0000000089000000, 0x0000000089000000|100%| E|CS|TAMS 0x0000000088f00000, 0x0000000088f00000| Complete 

Card table byte_map: [0x000001a84eb10000,0x000001a84ef10000] _byte_map_base: 0x000001a84e708000

Marking Bits (Prev, Next): (CMBitMap*) 0x000001a83bc26e80, (CMBitMap*) 0x000001a83bc26ec0
 Prev Bits: [0x000001a84f310000, 0x000001a8512d0000)
 Next Bits: [0x000001a8512d0000, 0x000001a853290000)

Polling page: 0x000001a839d90000

Metaspace:

Usage:
  Non-class:      8.34 MB capacity,     8.30 MB (>99%) used,    39.55 KB ( <1%) free+waste,     5.25 KB ( <1%) overhead. 
      Class:    821.00 KB capacity,   789.40 KB ( 96%) used,    29.91 KB (  4%) free+waste,     1.69 KB ( <1%) overhead. 
       Both:      9.14 MB capacity,     9.07 MB (>99%) used,    69.46 KB ( <1%) free+waste,     6.94 KB ( <1%) overhead. 

Virtual space:
  Non-class space:       10.00 MB reserved,       8.50 MB ( 85%) committed 
      Class space:        1.00 GB reserved,     896.00 KB ( <1%) committed 
             Both:        1.01 GB reserved,       9.38 MB ( <1%) committed 

Chunk freelists:
   Non-Class:  35.00 KB
       Class:  11.00 KB
        Both:  46.00 KB

MaxMetaspaceSize: 17179869184.00 GB
CompressedClassSpaceSize: 1.00 GB

CodeHeap 'non-profiled nmethods': size=120000Kb used=127Kb max_used=127Kb free=119872Kb
 bounds [0x000001a8470d0000, 0x000001a847340000, 0x000001a84e600000]
CodeHeap 'profiled nmethods': size=120000Kb used=539Kb max_used=539Kb free=119460Kb
 bounds [0x000001a83fba0000, 0x000001a83fe10000, 0x000001a8470d0000]
CodeHeap 'non-nmethods': size=5760Kb used=1226Kb max_used=1244Kb free=4533Kb
 bounds [0x000001a83f600000, 0x000001a83f870000, 0x000001a83fba0000]
 total_blobs=804 nmethods=414 adapters=303
 compilation: enabled
              stopped_count=0, restarted_count=0
 full_count=0

Compilation events (20 events):
Event: 0.332 Thread 0x000001a85634c4f0 nmethod 406 0x000001a83fc23e10 code [0x000001a83fc24000, 0x000001a83fc24518]
Event: 0.332 Thread 0x000001a856af4000 nmethod 384 0x000001a8470eef10 code [0x000001a8470ef0c0, 0x000001a8470efcf8]
Event: 0.333 Thread 0x000001a85634c4f0  407       3       java.lang.StringConcatHelper::stringOf (20 bytes)
Event: 0.333 Thread 0x000001a85634c4f0 nmethod 407 0x000001a83fc24690 code [0x000001a83fc24840, 0x000001a83fc24a68]
Event: 0.333 Thread 0x000001a85634c4f0  408       3       java.lang.StringConcatHelper::mix (27 bytes)
Event: 0.333 Thread 0x000001a85634c4f0 nmethod 408 0x000001a83fc24b10 code [0x000001a83fc24d00, 0x000001a83fc25128]
Event: 0.333 Thread 0x000001a85634c4f0  409       3       java.lang.StringConcatHelper::checkOverflow (17 bytes)
Event: 0.334 Thread 0x000001a85634c4f0 nmethod 409 0x000001a83fc25310 code [0x000001a83fc254c0, 0x000001a83fc256a8]
Event: 0.334 Thread 0x000001a85634c4f0  410       3       java.lang.reflect.Modifier::isProtected (12 bytes)
Event: 0.334 Thread 0x000001a85634c4f0 nmethod 410 0x000001a83fc25790 code [0x000001a83fc25920, 0x000001a83fc25a58]
Event: 0.334 Thread 0x000001a85634c4f0  411       3       java.lang.Character::toLowerCase (9 bytes)
Event: 0.334 Thread 0x000001a85634c4f0 nmethod 411 0x000001a83fc25b10 code [0x000001a83fc25cc0, 0x000001a83fc25e98]
Event: 338.794 Thread 0x000001a85634c4f0  412       3       org.eclipse.jdt.launching.internal.org.objectweb.asm.ClassReader::readUnsignedShort (26 bytes)
Event: 338.796 Thread 0x000001a85634c4f0 nmethod 412 0x000001a83fc25f90 code [0x000001a83fc26120, 0x000001a83fc26278]
Event: 361.025 Thread 0x000001a85634c4f0  413       3       java.lang.String::<init> (74 bytes)
Event: 361.027 Thread 0x000001a85634c4f0 

Event: 361.027 Thread 0x000001a85634c4f0  414       3       java.lang.StringUTF16::compress (20 bytes)
Event: 361.027 Thread 0x000001a85634c4f0 nmethod 414 0x000001a83fc26390 code [0x000001a83fc26540, 0x000001a83fc26768]
Event: 366.752 Thread 0x000001a85634c4f0  415       3       org.eclipse.jdt.launching.internal.org.objectweb.asm.ClassReader::readUtf (44 bytes)
Event: 366.754 Thread 0x000001a85634c4f0 nmethod 415 0x000001a83fc26810 code [0x000001a83fc269e0, 0x000001a83fc26db8]

GC Heap History (0 events):
No events

Deoptimization events (20 events):
Event: 0.324 Thread 0x000001a83bbe6e50 DEOPT PACKING pc=0x000001a83fc11261 sp=0x00000069ff6f7e90
Event: 0.324 Thread 0x000001a83bbe6e50 DEOPT UNPACKING pc=0x000001a83f64e23f sp=0x00000069ff6f7358 mode 0
Event: 0.325 Thread 0x000001a83bbe6e50 DEOPT PACKING pc=0x000001a83fc11261 sp=0x00000069ff6f7e90
Event: 0.325 Thread 0x000001a83bbe6e50 DEOPT UNPACKING pc=0x000001a83f64e23f sp=0x00000069ff6f7358 mode 0
Event: 0.326 Thread 0x000001a83bbe6e50 DEOPT PACKING pc=0x000001a83fc11261 sp=0x00000069ff6f7e90
Event: 0.326 Thread 0x000001a83bbe6e50 DEOPT UNPACKING pc=0x000001a83f64e23f sp=0x00000069ff6f7358 mode 0
Event: 0.327 Thread 0x000001a83bbe6e50 DEOPT PACKING pc=0x000001a83fc11261 sp=0x00000069ff6fb970
Event: 0.327 Thread 0x000001a83bbe6e50 DEOPT UNPACKING pc=0x000001a83f64e23f sp=0x00000069ff6fae38 mode 0
Event: 0.327 Thread 0x000001a83bbe6e50 DEOPT PACKING pc=0x000001a83fc11261 sp=0x00000069ff6fb970
Event: 0.327 Thread 0x000001a83bbe6e50 DEOPT UNPACKING pc=0x000001a83f64e23f sp=0x00000069ff6fae38 mode 0
Event: 0.328 Thread 0x000001a83bbe6e50 DEOPT PACKING pc=0x000001a83fc11261 sp=0x00000069ff6f7e10
Event: 0.328 Thread 0x000001a83bbe6e50 DEOPT UNPACKING pc=0x000001a83f64e23f sp=0x00000069ff6f72d8 mode 0
Event: 0.329 Thread 0x000001a83bbe6e50 DEOPT PACKING pc=0x000001a83fc11261 sp=0x00000069ff6fb8a0
Event: 0.329 Thread 0x000001a83bbe6e50 DEOPT UNPACKING pc=0x000001a83f64e23f sp=0x00000069ff6fad68 mode 0
Event: 0.330 Thread 0x000001a83bbe6e50 DEOPT PACKING pc=0x000001a83fc11261 sp=0x00000069ff6fb970
Event: 0.330 Thread 0x000001a83bbe6e50 DEOPT UNPACKING pc=0x000001a83f64e23f sp=0x00000069ff6fae38 mode 0
Event: 366.752 Thread 0x000001a85659e010 Uncommon trap: trap_request=0xffffff45 fr.pc=0x000001a8470d9bfc relative=0x000000000000025c
Event: 366.752 Thread 0x000001a85659e010 Uncommon trap: reason=unstable_if action=reinterpret pc=0x000001a8470d9bfc method=java.lang.String.isLatin1()Z @ 10 c2
Event: 366.752 Thread 0x000001a85659e010 DEOPT PACKING pc=0x000001a8470d9bfc sp=0x00000069806fdb40
Event: 366.752 Thread 0x000001a85659e010 DEOPT UNPACKING pc=0x000001a83f64e42f sp=0x00000069806fda88 mode 2

Classes unloaded (0 events):
No events

Classes redefined (5 events):
Event: 28.604 Thread 0x000001a855ac7170 redefined class name=chap12.BeePrintExample1, count=1
Event: 293.266 Thread 0x000001a855ac7170 redefined class name=chap12.BeePrintExample1, count=2
Event: 338.795 Thread 0x000001a855ac7170 redefined class name=chap12.BeePrintExample1, count=3
Event: 361.026 Thread 0x000001a855ac7170 redefined class name=chap12.BeePrintExample1, count=4
Event: 366.753 Thread 0x000001a855ac7170 redefined class name=chap12.BeePrintExample1, count=5

Internal exceptions (3 events):
Event: 0.242 Thread 0x000001a83bbe6e50 Exception <a 'java/lang/NoSuchMethodError'{0x0000000088d240b0}: 'void java.lang.invoke.DirectMethodHandle$Holder.invokeStatic(java.lang.Object, java.lang.Object)'> (0x0000000088d240b0) 
thrown [./open/src/hotspot/share/interpreter/linkResolver.cpp, line 782]
Event: 0.242 Thread 0x000001a83bbe6e50 Exception <a 'java/lang/NoSuchMethodError'{0x0000000088d27d58}: 'void java.lang.invoke.DirectMethodHandle$Holder.invokeStaticInit(java.lang.Object, java.lang.Object)'> (0x0000000088d27d58) 
thrown [./open/src/hotspot/share/interpreter/linkResolver.cpp, line 782]
Event: 0.309 Thread 0x000001a83bbe6e50 Exception <a 'java/lang/NoSuchMethodError'{0x0000000088b099b0}: 'java.lang.Object java.lang.invoke.DirectMethodHandle$Holder.invokeStatic(java.lang.Object)'> (0x0000000088b099b0) 
thrown [./open/src/hotspot/share/interpreter/linkResolver.cpp, line 782]

Events (20 events):
Event: 338.797 Executing VM operation: GetStackTrace done
Event: 361.025 Executing VM operation: RedefineClasses
Event: 361.027 Executing VM operation: RedefineClasses done
Event: 361.028 Executing VM operation: GetFrameCount
Event: 361.028 Executing VM operation: GetFrameCount done
Event: 361.028 Executing VM operation: GetStackTrace
Event: 361.028 Executing VM operation: GetStackTrace done
Event: 366.752 Executing VM operation: RedefineClasses
Event: 366.754 Executing VM operation: RedefineClasses done
Event: 366.754 Executing VM operation: GetFrameCount
Event: 366.755 Executing VM operation: GetFrameCount done
Event: 366.755 Executing VM operation: GetStackTrace
Event: 366.755 Executing VM operation: GetStackTrace done
Event: 372.675 Executing VM operation: GetFrameCount
Event: 372.675 Executing VM operation: GetFrameCount done
Event: 372.930 Executing VM operation: GetFrameCount
Event: 372.930 Executing VM operation: GetFrameCount done
Event: 862.384 Executing VM operation: ChangeBreakpoints
Event: 862.384 Executing VM operation: ChangeBreakpoints done
Event: 862.384 Executing VM operation: ChangeBreakpoints


Dynamic libraries:
0x00007ff7f5b70000 - 0x00007ff7f5b7d000 	D:\ydh\as_ij_URL\eclipse\plugins\org.eclipse.justj.openjdk.hotspot.jre.full.win32.x86_64_15.0.1.v20201027-0507\jre\bin\javaw.exe
0x00007ff9cb4f0000 - 0x00007ff9cb6e5000 	C:\WINDOWS\SYSTEM32\ntdll.dll
0x00007ff9bbf10000 - 0x00007ff9bbf23000 	C:\Program Files\Avast Software\Avast\aswhook.dll
0x00007ff9c9560000 - 0x00007ff9c961d000 	C:\WINDOWS\System32\KERNEL32.DLL
0x00007ff9c8c30000 - 0x00007ff9c8ef9000 	C:\WINDOWS\System32\KERNELBASE.dll
0x00007ff9c8f00000 - 0x00007ff9c9000000 	C:\WINDOWS\System32\ucrtbase.dll
0x00007ff9c4200000 - 0x00007ff9c4218000 	D:\ydh\as_ij_URL\eclipse\plugins\org.eclipse.justj.openjdk.hotspot.jre.full.win32.x86_64_15.0.1.v20201027-0507\jre\bin\jli.dll
0x00007ff9c41e0000 - 0x00007ff9c41f9000 	D:\ydh\as_ij_URL\eclipse\plugins\org.eclipse.justj.openjdk.hotspot.jre.full.win32.x86_64_15.0.1.v20201027-0507\jre\bin\VCRUNTIME140.dll
0x00007ff9ca680000 - 0x00007ff9ca820000 	C:\WINDOWS\System32\USER32.dll
0x00007ff9c9340000 - 0x00007ff9c9362000 	C:\WINDOWS\System32\win32u.dll
0x00007ff9bacc0000 - 0x00007ff9baf5a000 	C:\WINDOWS\WinSxS\amd64_microsoft.windows.common-controls_6595b64144ccf1df_6.0.19041.1110_none_60b5254171f9507e\COMCTL32.dll
0x00007ff9ca4d0000 - 0x00007ff9ca4fa000 	C:\WINDOWS\System32\GDI32.dll
0x00007ff9ca110000 - 0x00007ff9ca1ae000 	C:\WINDOWS\System32\msvcrt.dll
0x00007ff9c9230000 - 0x00007ff9c933b000 	C:\WINDOWS\System32\gdi32full.dll
0x00007ff9c90b0000 - 0x00007ff9c914d000 	C:\WINDOWS\System32\msvcp_win.dll
0x00007ff9ca1b0000 - 0x00007ff9ca1e0000 	C:\WINDOWS\System32\IMM32.DLL
0x00007ff9c4b60000 - 0x00007ff9c4b6c000 	D:\ydh\as_ij_URL\eclipse\plugins\org.eclipse.justj.openjdk.hotspot.jre.full.win32.x86_64_15.0.1.v20201027-0507\jre\bin\vcruntime140_1.dll
0x00007ff9b8d70000 - 0x00007ff9b8e01000 	D:\ydh\as_ij_URL\eclipse\plugins\org.eclipse.justj.openjdk.hotspot.jre.full.win32.x86_64_15.0.1.v20201027-0507\jre\bin\msvcp140.dll
0x00007ff9826d0000 - 0x00007ff98322e000 	D:\ydh\as_ij_URL\eclipse\plugins\org.eclipse.justj.openjdk.hotspot.jre.full.win32.x86_64_15.0.1.v20201027-0507\jre\bin\server\jvm.dll
0x00007ff9cac90000 - 0x00007ff9cad3c000 	C:\WINDOWS\System32\ADVAPI32.dll
0x00007ff9ca500000 - 0x00007ff9ca59b000 	C:\WINDOWS\System32\sechost.dll
0x00007ff9c9730000 - 0x00007ff9c985a000 	C:\WINDOWS\System32\RPCRT4.dll
0x00007ff9ca080000 - 0x00007ff9ca088000 	C:\WINDOWS\System32\PSAPI.DLL
0x00007ff9bf450000 - 0x00007ff9bf477000 	C:\WINDOWS\SYSTEM32\WINMM.dll
0x00007ff9bc6e0000 - 0x00007ff9bc6e9000 	C:\WINDOWS\SYSTEM32\WSOCK32.dll
0x00007ff9c4000000 - 0x00007ff9c400a000 	C:\WINDOWS\SYSTEM32\VERSION.dll
0x00007ff9ca610000 - 0x00007ff9ca67b000 	C:\WINDOWS\System32\WS2_32.dll
0x00007ff9c6aa0000 - 0x00007ff9c6ab2000 	C:\WINDOWS\SYSTEM32\kernel.appcore.dll
0x00007ff9c2860000 - 0x00007ff9c286a000 	D:\ydh\as_ij_URL\eclipse\plugins\org.eclipse.justj.openjdk.hotspot.jre.full.win32.x86_64_15.0.1.v20201027-0507\jre\bin\jimage.dll
0x00007ff9c3410000 - 0x00007ff9c35f4000 	C:\WINDOWS\SYSTEM32\DBGHELP.DLL
0x00007ff9c3090000 - 0x00007ff9c30bc000 	C:\WINDOWS\SYSTEM32\dbgcore.DLL
0x00007ff9c94d0000 - 0x00007ff9c9553000 	C:\WINDOWS\System32\bcryptPrimitives.dll
0x00007ff9b95e0000 - 0x00007ff9b9619000 	D:\ydh\as_ij_URL\eclipse\plugins\org.eclipse.justj.openjdk.hotspot.jre.full.win32.x86_64_15.0.1.v20201027-0507\jre\bin\jdwp.dll
0x00007ff9bf590000 - 0x00007ff9bf59e000 	D:\ydh\as_ij_URL\eclipse\plugins\org.eclipse.justj.openjdk.hotspot.jre.full.win32.x86_64_15.0.1.v20201027-0507\jre\bin\instrument.dll
0x00007ff9bdd80000 - 0x00007ff9bdda5000 	D:\ydh\as_ij_URL\eclipse\plugins\org.eclipse.justj.openjdk.hotspot.jre.full.win32.x86_64_15.0.1.v20201027-0507\jre\bin\java.dll
0x00007ff9bec10000 - 0x00007ff9bec28000 	D:\ydh\as_ij_URL\eclipse\plugins\org.eclipse.justj.openjdk.hotspot.jre.full.win32.x86_64_15.0.1.v20201027-0507\jre\bin\zip.dll
0x00007ff9c9940000 - 0x00007ff9ca07f000 	C:\WINDOWS\System32\SHELL32.dll
0x00007ff9c6d80000 - 0x00007ff9c7511000 	C:\WINDOWS\SYSTEM32\windows.storage.dll
0x00007ff9cad40000 - 0x00007ff9cb095000 	C:\WINDOWS\System32\combase.dll
0x00007ff9c86a0000 - 0x00007ff9c86cc000 	C:\WINDOWS\SYSTEM32\Wldp.dll
0x00007ff9cb3a0000 - 0x00007ff9cb44e000 	C:\WINDOWS\System32\SHCORE.dll
0x00007ff9cb450000 - 0x00007ff9cb4a5000 	C:\WINDOWS\System32\shlwapi.dll
0x00007ff9c8b70000 - 0x00007ff9c8b8f000 	C:\WINDOWS\SYSTEM32\profapi.dll
0x00007ff9beee0000 - 0x00007ff9beeeb000 	D:\ydh\as_ij_URL\eclipse\plugins\org.eclipse.justj.openjdk.hotspot.jre.full.win32.x86_64_15.0.1.v20201027-0507\jre\bin\dt_socket.dll
0x00007ff9c8070000 - 0x00007ff9c80ab000 	C:\WINDOWS\SYSTEM32\IPHLPAPI.DLL
0x00007ff9c8400000 - 0x00007ff9c846a000 	C:\WINDOWS\system32\mswsock.dll
0x00007ff9c80b0000 - 0x00007ff9c817c000 	C:\WINDOWS\SYSTEM32\DNSAPI.dll
0x00007ff9ca5a0000 - 0x00007ff9ca5a8000 	C:\WINDOWS\System32\NSI.dll
0x00007ff9c23a0000 - 0x00007ff9c23aa000 	C:\Windows\System32\rasadhlp.dll
0x00007ff9c1840000 - 0x00007ff9c18bf000 	C:\WINDOWS\System32\fwpuclnt.dll
0x00007ff9c91a0000 - 0x00007ff9c91c7000 	C:\WINDOWS\System32\bcrypt.dll
0x00007ff9bb460000 - 0x00007ff9bb479000 	D:\ydh\as_ij_URL\eclipse\plugins\org.eclipse.justj.openjdk.hotspot.jre.full.win32.x86_64_15.0.1.v20201027-0507\jre\bin\net.dll
0x00007ff9c24e0000 - 0x00007ff9c25ea000 	C:\WINDOWS\SYSTEM32\WINHTTP.dll
0x00007ff9bb440000 - 0x00007ff9bb452000 	D:\ydh\as_ij_URL\eclipse\plugins\org.eclipse.justj.openjdk.hotspot.jre.full.win32.x86_64_15.0.1.v20201027-0507\jre\bin\nio.dll
0x00007ff9c1ce0000 - 0x00007ff9c1cf0000 	D:\ydh\as_ij_URL\eclipse\plugins\org.eclipse.justj.openjdk.hotspot.jre.full.win32.x86_64_15.0.1.v20201027-0507\jre\bin\verify.dll

dbghelp: loaded successfully - version: 4.0.5 - missing functions: none
symbol engine: initialized successfully - sym options: 0x614 - pdb path: .;D:\ydh\as_ij_URL\eclipse\plugins\org.eclipse.justj.openjdk.hotspot.jre.full.win32.x86_64_15.0.1.v20201027-0507\jre\bin;C:\WINDOWS\SYSTEM32;C:\Program Files\Avast Software\Avast;C:\WINDOWS\WinSxS\amd64_microsoft.windows.common-controls_6595b64144ccf1df_6.0.19041.1110_none_60b5254171f9507e;D:\ydh\as_ij_URL\eclipse\plugins\org.eclipse.justj.openjdk.hotspot.jre.full.win32.x86_64_15.0.1.v20201027-0507\jre\bin\server

VM Arguments:
jvm_args: -XX:+ShowCodeDetailsInExceptionMessages -agentlib:jdwp=transport=dt_socket,suspend=y,address=localhost:50102 -javaagent:D:\ydh\as_ij_URL\eclipse\configuration\org.eclipse.osgi\405\0\.cp\lib\javaagent-shaded.jar -Dfile.encoding=UTF-8 
java_command: chap12.BeePrintExample1
java_class_path (initial): D:\ydh\git\Java_train_One\proj1\bin
Launcher Type: SUN_STANDARD

[Global flags]
     intx CICompilerCount                          = 3                                         {product} {ergonomic}
     uint ConcGCThreads                            = 2                                         {product} {ergonomic}
     uint G1ConcRefinementThreads                  = 6                                         {product} {ergonomic}
   size_t G1HeapRegionSize                         = 1048576                                   {product} {ergonomic}
    uintx GCDrainStackTargetSize                   = 64                                        {product} {ergonomic}
   size_t InitialHeapSize                          = 134217728                                 {product} {ergonomic}
   size_t MarkStackSize                            = 4194304                                   {product} {ergonomic}
   size_t MaxHeapSize                              = 2130706432                                {product} {ergonomic}
   size_t MaxNewSize                               = 1278214144                                {product} {ergonomic}
   size_t MinHeapDeltaBytes                        = 1048576                                   {product} {ergonomic}
   size_t MinHeapSize                              = 8388608                                   {product} {ergonomic}
    uintx NonNMethodCodeHeapSize                   = 5832780                                {pd product} {ergonomic}
    uintx NonProfiledCodeHeapSize                  = 122912730                              {pd product} {ergonomic}
    uintx ProfiledCodeHeapSize                     = 122912730                              {pd product} {ergonomic}
    uintx ReservedCodeCacheSize                    = 251658240                              {pd product} {ergonomic}
     bool SegmentedCodeCache                       = true                                      {product} {ergonomic}
     bool ShowCodeDetailsInExceptionMessages       = true                                   {manageable} {command line}
   size_t SoftMaxHeapSize                          = 2130706432                             {manageable} {ergonomic}
     bool UseCompressedClassPointers               = true                                 {lp64_product} {ergonomic}
     bool UseCompressedOops                        = true                                 {lp64_product} {ergonomic}
     bool UseG1GC                                  = true                                      {product} {ergonomic}
     bool UseLargePagesIndividualAllocation        = false                                  {pd product} {ergonomic}

Logging:
Log output configuration:
 #0: stdout all=warning uptime,level,tags
 #1: stderr all=off uptime,level,tags

Environment Variables:
PATH=D:\ydh\as_ij_URL\eclipse\plugins\org.eclipse.justj.openjdk.hotspot.jre.full.win32.x86_64_15.0.1.v20201027-0507\jre\bin;D:/ydh/as_ij_URL/eclipse//plugins/org.eclipse.justj.openjdk.hotspot.jre.full.win32.x86_64_15.0.1.v20201027-0507/jre/bin/server;D:/ydh/as_ij_URL/eclipse//plugins/org.eclipse.justj.openjdk.hotspot.jre.full.win32.x86_64_15.0.1.v20201027-0507/jre/bin;C:\oraclexe\app\oracle\product\11.2.0\server\bin;;C:\Program Files (x86)\Common Files\Oracle\Java\javapath;C:\oraclexe\app\oracle\product\11.2.0\server\bin;C:\Program Files\Common Files\Oracle\Java\javapath;D:\ydh\java;C:\Program Files (x86)\Common Files\Intel\Shared Libraries\redist\intel64\compiler;C:\WINDOWS\system32;C:\WINDOWS;C:\WINDOWS\System32\Wbem;C:\WINDOWS\System32\WindowsPowerShell\v1.0\;C:\WINDOWS\System32\OpenSSH\;C:\Program Files (x86)\Microsoft SQL Server\100\Tools\Binn\;C:\Program Files\Microsoft SQL Server\100\Tools\Binn\;C:\Program Files\Microsoft SQL Server\100\DTS\Binn\;C:\Users\504\AppData\Local\Microsoft\WindowsApps;;C:\Users\504\AppData\Local\Programs\Microsoft VS Code\bin;D:\ydh\as_ij_URL\eclipse;
USERNAME=504
OS=Windows_NT
PROCESSOR_IDENTIFIER=Intel64 Family 6 Model 158 Stepping 10, GenuineIntel



---------------  S Y S T E M  ---------------

OS:
 Windows 10 , 64 bit Build 19041 (10.0.19041.1023)
OS uptime: 5 days 6:26 hours

CPU: total 6 (initial active 6) (6 cores per cpu, 1 threads per core) family 6 model 158 stepping 10 microcode 0xb4, cmov, cx8, fxsr, mmx, sse, sse2, sse3, ssse3, sse4.1, sse4.2, popcnt, vzeroupper, avx, avx2, aes, clmul, erms, 3dnowpref, lzcnt, tsc, tscinvbit, bmi1, bmi2, adx, fma, clflush, clflushopt

Memory: 4k page, system-wide physical 8125M (3197M free)
TotalPageFile size 12221M (AvailPageFile size 3708M)
current process WorkingSet (physical memory assigned to process): 45M, peak: 47M
current process commit charge ("private bytes"): 206M, peak: 209M

vm_info: OpenJDK 64-Bit Server VM (15.0.1+9-18) for windows-amd64 JRE (15.0.1+9-18), built on Sep 15 2020 14:39:31 by "mach5one" with unknown MS VC++:1925

END.
